<?xml version="1.0" encoding="UTF-8"?>
<!-- Generated by org.testng.reporters.JUnitReportReporter -->
<testsuite hostname="CGI-D33403" name="TestNgDemo1.TestNgJenkis" tests="1" failures="0" timestamp="26 Apr 2017 17:30:14 GMT" time="12.504" errors="0">
  <testcase name="TC_01" time="12.504" classname="TestNgDemo1.TestNgJenkis"/>
</testsuite> <!-- TestNgDemo1.TestNgJenkis -->
